Using pre-set license
Built from '2021.3/staging' branch; Version is '2021.3.16f1 (4016570cf34f) revision 4200023'; Using compiler version '192829333'; Build Type 'Release'
OS: 'Windows 10  (10.0.19044) 64bit Core' Language: 'en' Physical Memory: 16158 MB
BatchMode: 1, IsHumanControllingUs: 0, StartBugReporterOnCrash: 0, Is64bit: 1, IsPro: 1

COMMAND LINE ARGUMENTS:
C:\Program Files\Unity\Hub\Editor\2021.3.16f1\Editor\Unity.exe
-adb2
-batchMode
-noUpm
-name
AssetImportWorker0
-projectPath
C:/Users/jebla/Desktop/NEWTUT1.5
-logFile
Logs/AssetImportWorker0.log
-srvPort
54437
Successfully changed project path to: C:/Users/jebla/Desktop/NEWTUT1.5
C:/Users/jebla/Desktop/NEWTUT1.5
[UnityMemory] Configuration Parameters - Can be set up in boot.config
    "memorysetup-bucket-allocator-granularity=16"
    "memorysetup-bucket-allocator-bucket-count=8"
    "memorysetup-bucket-allocator-block-size=33554432"
    "memorysetup-bucket-allocator-block-count=8"
    "memorysetup-main-allocator-block-size=16777216"
    "memorysetup-thread-allocator-block-size=16777216"
    "memorysetup-gfx-main-allocator-block-size=16777216"
    "memorysetup-gfx-thread-allocator-block-size=16777216"
    "memorysetup-cache-allocator-block-size=4194304"
    "memorysetup-typetree-allocator-block-size=2097152"
    "memorysetup-profiler-bucket-allocator-granularity=16"
    "memorysetup-profiler-bucket-allocator-bucket-count=8"
    "memorysetup-profiler-bucket-allocator-block-size=33554432"
    "memorysetup-profiler-bucket-allocator-block-count=8"
    "memorysetup-profiler-allocator-block-size=16777216"
    "memorysetup-profiler-editor-allocator-block-size=1048576"
    "memorysetup-temp-allocator-size-main=16777216"
    "memorysetup-job-temp-allocator-block-size=2097152"
    "memorysetup-job-temp-allocator-block-size-background=1048576"
    "memorysetup-job-temp-allocator-reduction-small-platforms=262144"
    "memorysetup-temp-allocator-size-background-worker=32768"
    "memorysetup-temp-allocator-size-job-worker=262144"
    "memorysetup-temp-allocator-size-preload-manager=33554432"
    "memorysetup-temp-allocator-size-nav-mesh-worker=65536"
    "memorysetup-temp-allocator-size-audio-worker=65536"
    "memorysetup-temp-allocator-size-cloud-worker=32768"
    "memorysetup-temp-allocator-size-gi-baking-worker=262144"
    "memorysetup-temp-allocator-size-gfx=262144"
Player connection [20880] Host "[IP] 10.184.209.211 [Port] 0 [Flags] 2 [Guid] 3339291747 [EditorId] 3339291747 [Version] 1048832 [Id] WindowsEditor(7,DESKTOP-CATN382) [Debug] 1 [PackageName] WindowsEditor [ProjectName] Editor" joined multi-casting on [225.0.0.222:54997]...

Player connection [20880] Host "[IP] 10.184.209.211 [Port] 0 [Flags] 2 [Guid] 3339291747 [EditorId] 3339291747 [Version] 1048832 [Id] WindowsEditor(7,DESKTOP-CATN382) [Debug] 1 [PackageName] WindowsEditor [ProjectName] Editor" joined alternative multi-casting on [225.0.0.222:34997]...

Refreshing native plugins compatible for Editor in 102.79 ms, found 4 plugins.
Preloading 0 native plugins for Editor in 0.00 ms.
Initialize engine version: 2021.3.16f1 (4016570cf34f)
[Subsystems] Discovering subsystems at path C:/Program Files/Unity/Hub/Editor/2021.3.16f1/Editor/Data/Resources/UnitySubsystems
[Subsystems] Discovering subsystems at path C:/Users/jebla/Desktop/NEWTUT1.5/Assets
GfxDevice: creating device client; threaded=0; jobified=0
Direct3D:
    Version:  Direct3D 11.0 [level 11.1]
    Renderer: NVIDIA GeForce RTX 3060 Laptop GPU (ID=0x2520)
    Vendor:   NVIDIA
    VRAM:     6023 MB
    Driver:   30.0.15.1272
Initialize mono
Mono path[0] = 'C:/Program Files/Unity/Hub/Editor/2021.3.16f1/Editor/Data/Managed'
Mono path[1] = 'C:/Program Files/Unity/Hub/Editor/2021.3.16f1/Editor/Data/MonoBleedingEdge/lib/mono/unityjit-win32'
Mono config path = 'C:/Program Files/Unity/Hub/Editor/2021.3.16f1/Editor/Data/MonoBleedingEdge/etc'
Using monoOptions --debugger-agent=transport=dt_socket,embedding=1,server=y,suspend=n,address=127.0.0.1:56976
Begin MonoManager ReloadAssembly
Registering precompiled unity dll's ...
Register platform support module: C:/Program Files/Unity/Hub/Editor/2021.3.16f1/Editor/Data/PlaybackEngines/WebGLSupport/UnityEditor.WebGL.Extensions.dll
Register platform support module: C:/Program Files/Unity/Hub/Editor/2021.3.16f1/Editor/Data/PlaybackEngines/WindowsStandaloneSupport/UnityEditor.WindowsStandalone.Extensions.dll
Registered in 0.008978 seconds.
Native extension for WindowsStandalone target not found
Native extension for WebGL target not found
Refreshing native plugins compatible for Editor in 142.14 ms, found 4 plugins.
Preloading 0 native plugins for Editor in 0.00 ms.
Mono: successfully reloaded assembly
- Completed reload, in  0.828 seconds
Domain Reload Profiling:
	ReloadAssembly (828ms)
		BeginReloadAssembly (94ms)
			ExecutionOrderSort (0ms)
			DisableScriptedObjects (0ms)
			BackupInstance (0ms)
			ReleaseScriptingObjects (0ms)
			CreateAndSetChildDomain (1ms)
		EndReloadAssembly (596ms)
			LoadAssemblies (90ms)
			RebuildTransferFunctionScriptingTraits (0ms)
			SetupTypeCache (121ms)
			ReleaseScriptCaches (0ms)
			RebuildScriptCaches (47ms)
			SetupLoadedEditorAssemblies (371ms)
				LogAssemblyErrors (0ms)
				InitializePlatformSupportModulesInManaged (18ms)
				SetLoadedEditorAssemblies (0ms)
				RefreshPlugins (142ms)
				BeforeProcessingInitializeOnLoad (1ms)
				ProcessInitializeOnLoadAttributes (152ms)
				ProcessInitializeOnLoadMethodAttributes (56ms)
				AfterProcessingInitializeOnLoad (0ms)
				EditorAssembliesLoaded (0ms)
			ExecutionOrderSort2 (0ms)
			AwakeInstancesAfterBackupRestoration (0ms)
Platform modules already initialized, skipping
Registering precompiled user dll's ...
Registered in 0.009064 seconds.
Begin MonoManager ReloadAssembly
Symbol file LoadedFromMemory doesn't match image C:\Users\jebla\Desktop\NEWTUT1.5\Library\PackageCache\com.unity.visualscripting@1.7.8\Editor\VisualScripting.Core\Dependencies\YamlDotNet\Unity.VisualScripting.YamlDotNet.dll
Symbol file LoadedFromMemory doesn't match image C:\Users\jebla\Desktop\NEWTUT1.5\Library\PackageCache\com.unity.visualscripting@1.7.8\Editor\VisualScripting.Core\Dependencies\DotNetZip\Unity.VisualScripting.IonicZip.dll
Native extension for WindowsStandalone target not found
Native extension for WebGL target not found
Refreshing native plugins compatible for Editor in 100.03 ms, found 4 plugins.
Preloading 0 native plugins for Editor in 0.00 ms.
Mono: successfully reloaded assembly
- Completed reload, in  1.355 seconds
Domain Reload Profiling:
	ReloadAssembly (1356ms)
		BeginReloadAssembly (141ms)
			ExecutionOrderSort (0ms)
			DisableScriptedObjects (7ms)
			BackupInstance (0ms)
			ReleaseScriptingObjects (0ms)
			CreateAndSetChildDomain (24ms)
		EndReloadAssembly (1084ms)
			LoadAssemblies (101ms)
			RebuildTransferFunctionScriptingTraits (0ms)
			SetupTypeCache (305ms)
			ReleaseScriptCaches (1ms)
			RebuildScriptCaches (65ms)
			SetupLoadedEditorAssemblies (554ms)
				LogAssemblyErrors (0ms)
				InitializePlatformSupportModulesInManaged (7ms)
				SetLoadedEditorAssemblies (0ms)
				RefreshPlugins (100ms)
				BeforeProcessingInitializeOnLoad (109ms)
				ProcessInitializeOnLoadAttributes (281ms)
				ProcessInitializeOnLoadMethodAttributes (47ms)
				AfterProcessingInitializeOnLoad (10ms)
				EditorAssembliesLoaded (0ms)
			ExecutionOrderSort2 (0ms)
			AwakeInstancesAfterBackupRestoration (7ms)
Platform modules already initialized, skipping
========================================================================
Worker process is ready to serve import requests
Launched and connected shader compiler UnityShaderCompiler.exe after 0.06 seconds
Refreshing native plugins compatible for Editor in 0.99 ms, found 4 plugins.
Preloading 0 native plugins for Editor in 0.00 ms.
Unloading 4046 Unused Serialized files (Serialized files now loaded: 0)
Unloading 44 unused Assets / (229.4 KB). Loaded Objects now: 4496.
Memory consumption went from 150.7 MB to 150.5 MB.
Total: 4.714200 ms (FindLiveObjects: 0.441800 ms CreateObjectMapping: 0.404000 ms MarkObjects: 3.549300 ms  DeleteObjects: 0.317900 ms)

AssetImportParameters requested are different than current active one (requested -> active):
  custom:video-decoder-ogg-theora: a1e56fd34408186e4bbccfd4996cb3dc -> 
  custom:container-muxer-webm: aa71ff27fc2769a1b78a27578f13a17b -> 
  custom:container-demuxer-webm: 4f35f7cbe854078d1ac9338744f61a02 -> 
  custom:video-encoder-webm-vp8: eb34c28f22e8b96e1ab97ce403110664 -> 
  custom:video-codec-MediaFoundation-h265: 746d11721c4dcdbdad8f713fa42b33f4 -> 
  custom:audio-encoder-webm-vorbis: bf7c407c2cedff20999df2af8eb42d56 -> 
  custom:framework-win-MediaFoundation: 216162199b28c13a410421893ffa2e32 -> 
  custom:container-demuxer-ogg: 62fdf1f143b41e24485cea50d1cbac27 -> 
  custom:video-decoder-webm-vp8: 9c59270c3fd7afecdb556c50c9e8de78 -> 
  custom:audio-decoder-ogg-vorbis: bf7c407c2cedff20999df2af8eb42d56 -> 
========================================================================
Received Import Request.
  Time since last request: 557332.626398 seconds.
  path: Assets/cat/Jump (8).png
  artifactKey: Guid(27a4d9d1e95731749b608ae14ab03871) Importer(815301076,1909f56bfc062723c751e8b465ee728b)
Start importing Assets/cat/Jump (8).png using Guid(27a4d9d1e95731749b608ae14ab03871) Importer(815301076,1909f56bfc062723c751e8b465ee728b)  -> (artifact id: '7d840197a51351ad11f9e2028de65c5f') in 0.184414 seconds 
========================================================================
Received Import Request.
  Time since last request: 0.000030 seconds.
  path: Assets/cat/Idle (7).png
  artifactKey: Guid(9b77683dcbbd35c41b108622db67b0fd) Importer(815301076,1909f56bfc062723c751e8b465ee728b)
Start importing Assets/cat/Idle (7).png using Guid(9b77683dcbbd35c41b108622db67b0fd) Importer(815301076,1909f56bfc062723c751e8b465ee728b)  -> (artifact id: 'f571ea49750a1c6df9397c4112461804') in 0.030059 seconds 
========================================================================
Received Import Request.
  Time since last request: 0.000033 seconds.
  path: Assets/cat/Slide (9).png
  artifactKey: Guid(192b57b22982946499694a0982b0a596) Importer(815301076,1909f56bfc062723c751e8b465ee728b)
Start importing Assets/cat/Slide (9).png using Guid(192b57b22982946499694a0982b0a596) Importer(815301076,1909f56bfc062723c751e8b465ee728b)  -> (artifact id: '40dd046d1f883f2d1d6b8770b242356b') in 0.030052 seconds 
========================================================================
Received Import Request.
  Time since last request: 0.000049 seconds.
  path: Assets/cat/Run (8).png
  artifactKey: Guid(ce6dbe41ab58ae94c8bf593b63affcfa) Importer(815301076,1909f56bfc062723c751e8b465ee728b)
Start importing Assets/cat/Run (8).png using Guid(ce6dbe41ab58ae94c8bf593b63affcfa) Importer(815301076,1909f56bfc062723c751e8b465ee728b)  -> (artifact id: 'a2e7fda7e961c74faf6d68ad93c7c653') in 0.029617 seconds 
========================================================================
Received Import Request.
  Time since last request: 0.000035 seconds.
  path: Assets/cat/Hurt (7).png
  artifactKey: Guid(e0e2591bbfc1e6840862795f31165cc5) Importer(815301076,1909f56bfc062723c751e8b465ee728b)
Start importing Assets/cat/Hurt (7).png using Guid(e0e2591bbfc1e6840862795f31165cc5) Importer(815301076,1909f56bfc062723c751e8b465ee728b)  -> (artifact id: 'f56bf1d895e62c2955f2129198412ffe') in 0.031470 seconds 
========================================================================
Received Import Request.
  Time since last request: 0.000031 seconds.
  path: Assets/cat/Slide (8).png
  artifactKey: Guid(7f881cf2a748efb41a1c0094e86d2d3b) Importer(815301076,1909f56bfc062723c751e8b465ee728b)
Start importing Assets/cat/Slide (8).png using Guid(7f881cf2a748efb41a1c0094e86d2d3b) Importer(815301076,1909f56bfc062723c751e8b465ee728b)  -> (artifact id: 'f945b44d365b6f8958c3865ae2675121') in 0.030919 seconds 
========================================================================
Received Import Request.
  Time since last request: 0.000027 seconds.
  path: Assets/cat/Jump (6).png
  artifactKey: Guid(d24d1b33f9cf13042a67a799a1df1291) Importer(815301076,1909f56bfc062723c751e8b465ee728b)
Start importing Assets/cat/Jump (6).png using Guid(d24d1b33f9cf13042a67a799a1df1291) Importer(815301076,1909f56bfc062723c751e8b465ee728b)  -> (artifact id: '1c45f07034f0a3d3d2df088db61fc629') in 0.028123 seconds 
========================================================================
Received Import Request.
  Time since last request: 0.000037 seconds.
  path: Assets/cat/Jump (1).png
  artifactKey: Guid(73b8c5420ff8b374b9529b1aad8b95c3) Importer(815301076,1909f56bfc062723c751e8b465ee728b)
Start importing Assets/cat/Jump (1).png using Guid(73b8c5420ff8b374b9529b1aad8b95c3) Importer(815301076,1909f56bfc062723c751e8b465ee728b)  -> (artifact id: '95f4120747a702c2b5df754ccd316314') in 0.029593 seconds 
========================================================================
Received Import Request.
  Time since last request: 0.000024 seconds.
  path: Assets/cat/Walk (1).png
  artifactKey: Guid(d97d7468c8a3d8040be7fd1b5cbad1b1) Importer(815301076,1909f56bfc062723c751e8b465ee728b)
Start importing Assets/cat/Walk (1).png using Guid(d97d7468c8a3d8040be7fd1b5cbad1b1) Importer(815301076,1909f56bfc062723c751e8b465ee728b)  -> (artifact id: '1906115ec2832c3d6cf0f3fed6d2df2e') in 0.031275 seconds 
========================================================================
Received Import Request.
  Time since last request: 0.000038 seconds.
  path: Assets/cat/Slide (7).png
  artifactKey: Guid(295d28ba950bad143b75f72e9c2ac82d) Importer(815301076,1909f56bfc062723c751e8b465ee728b)
Start importing Assets/cat/Slide (7).png using Guid(295d28ba950bad143b75f72e9c2ac82d) Importer(815301076,1909f56bfc062723c751e8b465ee728b)  -> (artifact id: 'e1dc4644eb3cbcf4866628c3a9a6d3b6') in 0.029257 seconds 
========================================================================
Received Import Request.
  Time since last request: 0.000043 seconds.
  path: Assets/cat/Slide (6).png
  artifactKey: Guid(a87aae81afad10648b04dfef9eb970a3) Importer(815301076,1909f56bfc062723c751e8b465ee728b)
Start importing Assets/cat/Slide (6).png using Guid(a87aae81afad10648b04dfef9eb970a3) Importer(815301076,1909f56bfc062723c751e8b465ee728b)  -> (artifact id: '0380716726679aa79220c87ab909d7b9') in 0.026271 seconds 
========================================================================
Received Import Request.
  Time since last request: 0.000036 seconds.
  path: Assets/cat/Slide (4).png
  artifactKey: Guid(0a373ff73e90ed1468e0773587dbe29f) Importer(815301076,1909f56bfc062723c751e8b465ee728b)
Start importing Assets/cat/Slide (4).png using Guid(0a373ff73e90ed1468e0773587dbe29f) Importer(815301076,1909f56bfc062723c751e8b465ee728b)  -> (artifact id: '811294378d08d4d64561ff53a6c07872') in 0.029100 seconds 
========================================================================
Received Import Request.
  Time since last request: 0.000032 seconds.
  path: Assets/cat/Dead (9).png
  artifactKey: Guid(07517a87df20ac245b3df4d4effd9b97) Importer(815301076,1909f56bfc062723c751e8b465ee728b)
Start importing Assets/cat/Dead (9).png using Guid(07517a87df20ac245b3df4d4effd9b97) Importer(815301076,1909f56bfc062723c751e8b465ee728b)  -> (artifact id: '1829bb15856ab9f0f5f373776e4ac700') in 0.036096 seconds 
========================================================================
Received Import Request.
  Time since last request: 0.000033 seconds.
  path: Assets/cat/Run (4).png
  artifactKey: Guid(f3cde4f6187a9014087620e1d75e5d25) Importer(815301076,1909f56bfc062723c751e8b465ee728b)
Start importing Assets/cat/Run (4).png using Guid(f3cde4f6187a9014087620e1d75e5d25) Importer(815301076,1909f56bfc062723c751e8b465ee728b)  -> (artifact id: 'fec2fecaf49f0b2ea25b3729c6fad6cb') in 0.035841 seconds 
========================================================================
Received Import Request.
  Time since last request: 0.000023 seconds.
  path: Assets/cat/Walk (6).png
  artifactKey: Guid(2cd930febb440494c81920c8d8276c07) Importer(815301076,1909f56bfc062723c751e8b465ee728b)
Start importing Assets/cat/Walk (6).png using Guid(2cd930febb440494c81920c8d8276c07) Importer(815301076,1909f56bfc062723c751e8b465ee728b)  -> (artifact id: '1aea3e014fe6f2d676ec15c18578ece7') in 0.037059 seconds 
========================================================================
Received Import Request.
  Time since last request: 0.000026 seconds.
  path: Assets/cat/Run (3).png
  artifactKey: Guid(62dbe64ecdb92de4dab59dbeff608b06) Importer(815301076,1909f56bfc062723c751e8b465ee728b)
Start importing Assets/cat/Run (3).png using Guid(62dbe64ecdb92de4dab59dbeff608b06) Importer(815301076,1909f56bfc062723c751e8b465ee728b)  -> (artifact id: '162767c11ee433f1dfde63ff2e67ed64') in 0.034858 seconds 
========================================================================
Received Import Request.
  Time since last request: 0.000025 seconds.
  path: Assets/cat/Jump (4).png
  artifactKey: Guid(6e71075442a1812409653f053cfdc4d7) Importer(815301076,1909f56bfc062723c751e8b465ee728b)
Start importing Assets/cat/Jump (4).png using Guid(6e71075442a1812409653f053cfdc4d7) Importer(815301076,1909f56bfc062723c751e8b465ee728b)  -> (artifact id: 'c5d1d64f8ab16be615f23b4210368fb6') in 0.031147 seconds 
========================================================================
Received Import Request.
  Time since last request: 0.000047 seconds.
  path: Assets/cat/Dead (2).png
  artifactKey: Guid(3aa2438b92c9b044f8fba31030c83062) Importer(815301076,1909f56bfc062723c751e8b465ee728b)
Start importing Assets/cat/Dead (2).png using Guid(3aa2438b92c9b044f8fba31030c83062) Importer(815301076,1909f56bfc062723c751e8b465ee728b)  -> (artifact id: 'c8aa8b7547d9736c2a1731ef8c176be1') in 0.037723 seconds 
========================================================================
Received Import Request.
  Time since last request: 0.000031 seconds.
  path: Assets/cat/Idle (9).png
  artifactKey: Guid(dfbef66c0d149e54abecad85b16f3228) Importer(815301076,1909f56bfc062723c751e8b465ee728b)
Start importing Assets/cat/Idle (9).png using Guid(dfbef66c0d149e54abecad85b16f3228) Importer(815301076,1909f56bfc062723c751e8b465ee728b)  -> (artifact id: '5977cadfd6e025413ed0f5bf510a97da') in 0.032799 seconds 
Editor requested this worker to shutdown with reason: Scaling down because of idle timeout
AssetImportWorker is now disconnected from the server
Process exiting
Exiting without the bug reporter. Application will terminate with return code 0